<?xml version="1.0" encoding="UTF-8"?>
<!-- Generated by org.testng.reporters.JUnitReportReporter -->
<testsuite name="Com.Project.Tracko.testngrunner" tests="2" time="0.343" ignored="0" failures="0" timestamp="25 May 2017 03:39:16 GMT" skipped="0" hostname="Shree-PC" errors="0">
  <testcase name="fun" time="0.015" classname="Com.Project.Tracko.testngrunner"/>
  <testcase name="feature" time="0.328" classname="Com.Project.Tracko.testngrunner"/>
</testsuite> <!-- Com.Project.Tracko.testngrunner -->
